# JRE version: Java(TM) SE Runtime Environment (19.0.2+7) (build 19.0.2+7-44)
# Java VM: Java HotSpot(TM) 64-Bit Server VM (19.0.2+7-44, mixed mode, sharing, tiered, compressed oops, compressed class ptrs, g1 gc, windows-amd64)
GC Precious Log:
 CardTable entry size: 512
 Card Set container configuration: InlinePtr #cards 5 size 8 Array Of Cards #cards 12 size 40 Howl #buckets 4 coarsen threshold 1843 Howl Bitmap #cards 512 size 80 coarsen threshold 460 Card regions per heap region 1 cards per card region 2048
 CPUs: 2 total, 2 available
 Memory: 3911M
 Large Page Support: Disabled
 NUMA Support: Disabled
 Compressed Oops: Enabled (32-bit)
 Heap Region Size: 1M
 Heap Min Capacity: 8M
 Heap Initial Capacity: 62M
 Heap Max Capacity: 978M
 Pre-touch: Disabled
 Parallel Workers: 2
 Concurrent Workers: 1
 Concurrent Refinement Workers: 2
 Periodic GC: Disabled
Heap:
 garbage-first heap   total 40960K, used 20284K [0x00000000c2e00000, 0x0000000100000000)
  region size 1024K, 2 young (2048K), 1 survivors (1024K)
 Metaspace       used 47485K, committed 48000K, reserved 1114112K
  class space    used 6071K, committed 6336K, reserved 1048576K
GC Heap History (20 events):
Event: 6.984 GC heap before
{Heap before GC invocations=4 (full 0):
 garbage-first heap   total 63488K, used 39290K [0x00000000c2e00000, 0x0000000100000000)
  region size 1024K, 35 young (35840K), 4 survivors (4096K)
 Metaspace       used 19613K, committed 19904K, reserved 1114112K
  class space    used 2382K, committed 2496K, reserved 1048576K
}
Event: 7.003 GC heap after
{Heap after GC invocations=5 (full 0):
 garbage-first heap   total 63488K, used 11172K [0x00000000c2e00000, 0x0000000100000000)
  region size 1024K, 5 young (5120K), 5 survivors (5120K)
 Metaspace       used 19613K, committed 19904K, reserved 1114112K
  class space    used 2382K, committed 2496K, reserved 1048576K
}
Event: 8.555 GC heap before
{Heap before GC invocations=5 (full 0):
 garbage-first heap   total 63488K, used 22436K [0x00000000c2e00000, 0x0000000100000000)
  region size 1024K, 17 young (17408K), 5 survivors (5120K)
 Metaspace       used 21282K, committed 21504K, reserved 1114112K
  class space    used 2586K, committed 2688K, reserved 1048576K
}
Event: 8.575 GC heap after
{Heap after GC invocations=6 (full 0):
 garbage-first heap   total 63488K, used 11748K [0x00000000c2e00000, 0x0000000100000000)
  region size 1024K, 1 young (1024K), 1 survivors (1024K)
 Metaspace       used 21282K, committed 21504K, reserved 1114112K
  class space    used 2586K, committed 2688K, reserved 1048576K
}
Event: 10.614 GC heap before
{Heap before GC invocations=7 (full 0):
 garbage-first heap   total 40960K, used 35300K [0x00000000c2e00000, 0x0000000100000000)
  region size 1024K, 24 young (24576K), 1 survivors (1024K)
 Metaspace       used 25590K, committed 26048K, reserved 1114112K
  class space    used 3241K, committed 3456K, reserved 1048576K
}
Event: 10.630 GC heap after
{Heap after GC invocations=8 (full 0):
 garbage-first heap   total 40960K, used 14527K [0x00000000c2e00000, 0x0000000100000000)
  region size 1024K, 3 young (3072K), 3 survivors (3072K)
 Metaspace       used 25590K, committed 26048K, reserved 1114112K
  class space    used 3241K, committed 3456K, reserved 1048576K
}
Event: 10.675 GC heap before
{Heap before GC invocations=8 (full 0):
 garbage-first heap   total 40960K, used 15551K [0x00000000c2e00000, 0x0000000100000000)
  region size 1024K, 4 young (4096K), 3 survivors (3072K)
 Metaspace       used 25649K, committed 26112K, reserved 1114112K
  class space    used 3246K, committed 3456K, reserved 1048576K
}
Event: 10.687 GC heap after
{Heap after GC invocations=9 (full 0):
 garbage-first heap   total 40960K, used 15098K [0x00000000c2e00000, 0x0000000100000000)
  region size 1024K, 1 young (1024K), 1 survivors (1024K)
 Metaspace       used 25649K, committed 26112K, reserved 1114112K
  class space    used 3246K, committed 3456K, reserved 1048576K
}
Event: 11.833 GC heap before
{Heap before GC invocations=9 (full 0):
 garbage-first heap   total 40960K, used 28410K [0x00000000c2e00000, 0x0000000100000000)
  region size 1024K, 15 young (15360K), 1 survivors (1024K)
 Metaspace       used 29236K, committed 29696K, reserved 1114112K
  class space    used 3625K, committed 3840K, reserved 1048576K
}
Event: 11.841 GC heap after
{Heap after GC invocations=10 (full 0):
 garbage-first heap   total 40960K, used 16594K [0x00000000c2e00000, 0x0000000100000000)
  region size 1024K, 2 young (2048K), 2 survivors (2048K)
 Metaspace       used 29236K, committed 29696K, reserved 1114112K
  class space    used 3625K, committed 3840K, reserved 1048576K
}
Event: 12.632 GC heap before
{Heap before GC invocations=10 (full 0):
 garbage-first heap   total 40960K, used 28882K [0x00000000c2e00000, 0x0000000100000000)
  region size 1024K, 15 young (15360K), 2 survivors (2048K)
 Metaspace       used 31485K, committed 31936K, reserved 1114112K
  class space    used 3918K, committed 4096K, reserved 1048576K
}
Event: 12.643 GC heap after
{Heap after GC invocations=11 (full 0):
 garbage-first heap   total 40960K, used 17435K [0x00000000c2e00000, 0x0000000100000000)
  region size 1024K, 1 young (1024K), 1 survivors (1024K)
 Metaspace       used 31485K, committed 31936K, reserved 1114112K
  class space    used 3918K, committed 4096K, reserved 1048576K
}
Event: 13.498 GC heap before
{Heap before GC invocations=11 (full 0):
 garbage-first heap   total 40960K, used 29723K [0x00000000c2e00000, 0x0000000100000000)
  region size 1024K, 14 young (14336K), 1 survivors (1024K)
 Metaspace       used 35356K, committed 35840K, reserved 1114112K
  class space    used 4523K, committed 4736K, reserved 1048576K
}
Event: 13.506 GC heap after
{Heap after GC invocations=12 (full 0):
 garbage-first heap   total 40960K, used 18004K [0x00000000c2e00000, 0x0000000100000000)
  region size 1024K, 2 young (2048K), 2 survivors (2048K)
 Metaspace       used 35356K, committed 35840K, reserved 1114112K
  class space    used 4523K, committed 4736K, reserved 1048576K
}
Event: 13.542 GC heap before
{Heap before GC invocations=12 (full 0):
 garbage-first heap   total 40960K, used 18004K [0x00000000c2e00000, 0x0000000100000000)
  region size 1024K, 3 young (3072K), 2 survivors (2048K)
 Metaspace       used 35544K, committed 35968K, reserved 1114112K
  class space    used 4538K, committed 4736K, reserved 1048576K
}
Event: 13.553 GC heap after
{Heap after GC invocations=13 (full 0):
 garbage-first heap   total 40960K, used 18075K [0x00000000c2e00000, 0x0000000100000000)
  region size 1024K, 1 young (1024K), 1 survivors (1024K)
 Metaspace       used 35544K, committed 35968K, reserved 1114112K
  class space    used 4538K, committed 4736K, reserved 1048576K
}
Event: 16.235 GC heap before
{Heap before GC invocations=14 (full 0):
 garbage-first heap   total 40960K, used 31387K [0x00000000c2e00000, 0x0000000100000000)
  region size 1024K, 15 young (15360K), 1 survivors (1024K)
 Metaspace       used 43383K, committed 43840K, reserved 1114112K
  class space    used 5468K, committed 5696K, reserved 1048576K
}
Event: 16.247 GC heap after
{Heap after GC invocations=15 (full 0):
 garbage-first heap   total 40960K, used 19832K [0x00000000c2e00000, 0x0000000100000000)
  region size 1024K, 2 young (2048K), 2 survivors (2048K)
 Metaspace       used 43383K, committed 43840K, reserved 1114112K
  class space    used 5468K, committed 5696K, reserved 1048576K
}
Event: 16.307 GC heap before
{Heap before GC invocations=15 (full 0):
 garbage-first heap   total 40960K, used 19832K [0x00000000c2e00000, 0x0000000100000000)
  region size 1024K, 3 young (3072K), 2 survivors (2048K)
 Metaspace       used 43651K, committed 44160K, reserved 1114112K
  class space    used 5500K, committed 5760K, reserved 1048576K
}
Event: 16.321 GC heap after
{Heap after GC invocations=16 (full 0):
 garbage-first heap   total 40960K, used 19459K [0x00000000c2e00000, 0x0000000100000000)
  region size 1024K, 1 young (1024K), 1 survivors (1024K)
 Metaspace       used 43651K, committed 44160K, reserved 1114112K
  class space    used 5500K, committed 5760K, reserved 1048576K
}

