# JRE version: Java(TM) SE Runtime Environment (19.0.2+7) (build 19.0.2+7-44)
# Java VM: Java HotSpot(TM) 64-Bit Server VM (19.0.2+7-44, mixed mode, sharing, tiered, compressed oops, compressed class ptrs, g1 gc, windows-amd64)
GC Precious Log:
 CardTable entry size: 512
 Card Set container configuration: InlinePtr #cards 5 size 8 Array Of Cards #cards 12 size 40 Howl #buckets 4 coarsen threshold 1843 Howl Bitmap #cards 512 size 80 coarsen threshold 460 Card regions per heap region 1 cards per card region 2048
 CPUs: 2 total, 2 available
 Memory: 3911M
 Large Page Support: Disabled
 NUMA Support: Disabled
 Compressed Oops: Enabled (32-bit)
 Heap Region Size: 1M
 Heap Min Capacity: 8M
 Heap Initial Capacity: 62M
 Heap Max Capacity: 978M
 Pre-touch: Disabled
 Parallel Workers: 2
 Concurrent Workers: 1
 Concurrent Refinement Workers: 2
 Periodic GC: Disabled
Heap:
 garbage-first heap   total 53248K, used 19053K [0x00000000c2e00000, 0x0000000100000000)
  region size 1024K, 3 young (3072K), 3 survivors (3072K)
 Metaspace       used 40745K, committed 41280K, reserved 1114112K
  class space    used 5167K, committed 5440K, reserved 1048576K
GC Heap History (20 events):
Event: 1.288 GC heap after
{Heap after GC invocations=2 (full 0):
 garbage-first heap   total 63488K, used 5564K [0x00000000c2e00000, 0x0000000100000000)
  region size 1024K, 1 young (1024K), 1 survivors (1024K)
 Metaspace       used 2396K, committed 2624K, reserved 1114112K
  class space    used 227K, committed 320K, reserved 1048576K
}
Event: 1.861 GC heap before
{Heap before GC invocations=2 (full 0):
 garbage-first heap   total 63488K, used 14780K [0x00000000c2e00000, 0x0000000100000000)
  region size 1024K, 10 young (10240K), 1 survivors (1024K)
 Metaspace       used 4918K, committed 5120K, reserved 1114112K
  class space    used 537K, committed 640K, reserved 1048576K
}
Event: 1.865 GC heap after
{Heap after GC invocations=3 (full 0):
 garbage-first heap   total 63488K, used 6178K [0x00000000c2e00000, 0x0000000100000000)
  region size 1024K, 2 young (2048K), 2 survivors (2048K)
 Metaspace       used 4918K, committed 5120K, reserved 1114112K
  class space    used 537K, committed 640K, reserved 1048576K
}
Event: 3.708 GC heap before
{Heap before GC invocations=3 (full 0):
 garbage-first heap   total 63488K, used 36898K [0x00000000c2e00000, 0x0000000100000000)
  region size 1024K, 33 young (33792K), 2 survivors (2048K)
 Metaspace       used 13236K, committed 13504K, reserved 1114112K
  class space    used 1688K, committed 1792K, reserved 1048576K
}
Event: 3.722 GC heap after
{Heap after GC invocations=4 (full 0):
 garbage-first heap   total 63488K, used 8573K [0x00000000c2e00000, 0x0000000100000000)
  region size 1024K, 4 young (4096K), 4 survivors (4096K)
 Metaspace       used 13236K, committed 13504K, reserved 1114112K
  class space    used 1688K, committed 1792K, reserved 1048576K
}
Event: 6.750 GC heap before
{Heap before GC invocations=4 (full 0):
 garbage-first heap   total 63488K, used 39293K [0x00000000c2e00000, 0x0000000100000000)
  region size 1024K, 35 young (35840K), 4 survivors (4096K)
 Metaspace       used 19718K, committed 20032K, reserved 1114112K
  class space    used 2390K, committed 2496K, reserved 1048576K
}
Event: 6.768 GC heap after
{Heap after GC invocations=5 (full 0):
 garbage-first heap   total 63488K, used 11280K [0x00000000c2e00000, 0x0000000100000000)
  region size 1024K, 5 young (5120K), 5 survivors (5120K)
 Metaspace       used 19718K, committed 20032K, reserved 1114112K
  class space    used 2390K, committed 2496K, reserved 1048576K
}
Event: 7.667 GC heap before
{Heap before GC invocations=5 (full 0):
 garbage-first heap   total 63488K, used 21520K [0x00000000c2e00000, 0x0000000100000000)
  region size 1024K, 16 young (16384K), 5 survivors (5120K)
 Metaspace       used 21261K, committed 21504K, reserved 1114112K
  class space    used 2582K, committed 2688K, reserved 1048576K
}
Event: 7.686 GC heap after
{Heap after GC invocations=6 (full 0):
 garbage-first heap   total 63488K, used 11703K [0x00000000c2e00000, 0x0000000100000000)
  region size 1024K, 1 young (1024K), 1 survivors (1024K)
 Metaspace       used 21261K, committed 21504K, reserved 1114112K
  class space    used 2582K, committed 2688K, reserved 1048576K
}
Event: 9.381 GC heap before
{Heap before GC invocations=7 (full 0):
 garbage-first heap   total 45056K, used 37303K [0x00000000c2e00000, 0x0000000100000000)
  region size 1024K, 26 young (26624K), 1 survivors (1024K)
 Metaspace       used 25816K, committed 26240K, reserved 1114112K
  class space    used 3268K, committed 3456K, reserved 1048576K
}
Event: 9.395 GC heap after
{Heap after GC invocations=8 (full 0):
 garbage-first heap   total 45056K, used 14206K [0x00000000c2e00000, 0x0000000100000000)
  region size 1024K, 4 young (4096K), 4 survivors (4096K)
 Metaspace       used 25816K, committed 26240K, reserved 1114112K
  class space    used 3268K, committed 3456K, reserved 1048576K
}
Event: 9.586 GC heap before
{Heap before GC invocations=8 (full 0):
 garbage-first heap   total 45056K, used 15230K [0x00000000c2e00000, 0x0000000100000000)
  region size 1024K, 5 young (5120K), 4 survivors (4096K)
 Metaspace       used 26501K, committed 26944K, reserved 1114112K
  class space    used 3341K, committed 3520K, reserved 1048576K
}
Event: 9.598 GC heap after
{Heap after GC invocations=9 (full 0):
 garbage-first heap   total 45056K, used 14619K [0x00000000c2e00000, 0x0000000100000000)
  region size 1024K, 1 young (1024K), 1 survivors (1024K)
 Metaspace       used 26501K, committed 26944K, reserved 1114112K
  class space    used 3341K, committed 3520K, reserved 1048576K
}
Event: 10.681 GC heap before
{Heap before GC invocations=9 (full 0):
 garbage-first heap   total 45056K, used 31003K [0x00000000c2e00000, 0x0000000100000000)
  region size 1024K, 18 young (18432K), 1 survivors (1024K)
 Metaspace       used 29737K, committed 30208K, reserved 1114112K
  class space    used 3695K, committed 3904K, reserved 1048576K
}
Event: 10.688 GC heap after
{Heap after GC invocations=10 (full 0):
 garbage-first heap   total 45056K, used 16278K [0x00000000c2e00000, 0x0000000100000000)
  region size 1024K, 3 young (3072K), 3 survivors (3072K)
 Metaspace       used 29737K, committed 30208K, reserved 1114112K
  class space    used 3695K, committed 3904K, reserved 1048576K
}
Event: 11.752 GC heap before
{Heap before GC invocations=10 (full 0):
 garbage-first heap   total 45056K, used 31638K [0x00000000c2e00000, 0x0000000100000000)
  region size 1024K, 19 young (19456K), 3 survivors (3072K)
 Metaspace       used 33718K, committed 34176K, reserved 1114112K
  class space    used 4288K, committed 4480K, reserved 1048576K
}
Event: 11.761 GC heap after
{Heap after GC invocations=11 (full 0):
 garbage-first heap   total 45056K, used 17213K [0x00000000c2e00000, 0x0000000100000000)
  region size 1024K, 1 young (1024K), 1 survivors (1024K)
 Metaspace       used 33718K, committed 34176K, reserved 1114112K
  class space    used 4288K, committed 4480K, reserved 1048576K
}
Event: 12.129 GC heap before
{Heap before GC invocations=11 (full 0):
 garbage-first heap   total 45056K, used 22333K [0x00000000c2e00000, 0x0000000100000000)
  region size 1024K, 7 young (7168K), 1 survivors (1024K)
 Metaspace       used 35502K, committed 35968K, reserved 1114112K
  class space    used 4532K, committed 4736K, reserved 1048576K
}
Event: 12.140 GC heap after
{Heap after GC invocations=12 (full 0):
 garbage-first heap   total 45056K, used 17439K [0x00000000c2e00000, 0x0000000100000000)
  region size 1024K, 2 young (2048K), 2 survivors (2048K)
 Metaspace       used 35502K, committed 35968K, reserved 1114112K
  class space    used 4532K, committed 4736K, reserved 1048576K
}
Event: 14.460 GC heap before
{Heap before GC invocations=13 (full 0):
 garbage-first heap   total 45056K, used 33823K [0x00000000c2e00000, 0x0000000100000000)
  region size 1024K, 18 young (18432K), 2 survivors (2048K)
 Metaspace       used 40745K, committed 41280K, reserved 1114112K
  class space    used 5167K, committed 5440K, reserved 1048576K
}

