# JRE version: Java(TM) SE Runtime Environment (19.0.2+7) (build 19.0.2+7-44)
# Java VM: Java HotSpot(TM) 64-Bit Server VM (19.0.2+7-44, mixed mode, sharing, tiered, compressed oops, compressed class ptrs, g1 gc, windows-amd64)
GC Precious Log:
 CardTable entry size: 512
 Card Set container configuration: InlinePtr #cards 5 size 8 Array Of Cards #cards 12 size 40 Howl #buckets 4 coarsen threshold 1843 Howl Bitmap #cards 512 size 80 coarsen threshold 460 Card regions per heap region 1 cards per card region 2048
 CPUs: 2 total, 2 available
 Memory: 3911M
 Large Page Support: Disabled
 NUMA Support: Disabled
 Compressed Oops: Enabled (32-bit)
 Heap Region Size: 1M
 Heap Min Capacity: 8M
 Heap Initial Capacity: 62M
 Heap Max Capacity: 978M
 Pre-touch: Disabled
 Parallel Workers: 2
 Concurrent Workers: 1
 Concurrent Refinement Workers: 2
 Periodic GC: Disabled
Heap:
 garbage-first heap   total 40960K, used 29352K [0x00000000c2e00000, 0x0000000100000000)
  region size 1024K, 10 young (10240K), 1 survivors (1024K)
 Metaspace       used 45912K, committed 46464K, reserved 1114112K
  class space    used 5948K, committed 6208K, reserved 1048576K
GC Heap History (20 events):
Event: 16.565 GC heap before
{Heap before GC invocations=8 (full 0):
 garbage-first heap   total 40960K, used 15582K [0x00000000c2e00000, 0x0000000100000000)
  region size 1024K, 4 young (4096K), 3 survivors (3072K)
 Metaspace       used 25658K, committed 26112K, reserved 1114112K
  class space    used 3246K, committed 3456K, reserved 1048576K
}
Event: 16.577 GC heap after
{Heap after GC invocations=9 (full 0):
 garbage-first heap   total 40960K, used 15080K [0x00000000c2e00000, 0x0000000100000000)
  region size 1024K, 1 young (1024K), 1 survivors (1024K)
 Metaspace       used 25658K, committed 26112K, reserved 1114112K
  class space    used 3246K, committed 3456K, reserved 1048576K
}
Event: 17.855 GC heap before
{Heap before GC invocations=9 (full 0):
 garbage-first heap   total 40960K, used 28392K [0x00000000c2e00000, 0x0000000100000000)
  region size 1024K, 15 young (15360K), 1 survivors (1024K)
 Metaspace       used 29232K, committed 29696K, reserved 1114112K
  class space    used 3625K, committed 3840K, reserved 1048576K
}
Event: 17.863 GC heap after
{Heap after GC invocations=10 (full 0):
 garbage-first heap   total 40960K, used 16583K [0x00000000c2e00000, 0x0000000100000000)
  region size 1024K, 2 young (2048K), 2 survivors (2048K)
 Metaspace       used 29232K, committed 29696K, reserved 1114112K
  class space    used 3625K, committed 3840K, reserved 1048576K
}
Event: 20.884 GC heap before
{Heap before GC invocations=10 (full 0):
 garbage-first heap   total 40960K, used 28871K [0x00000000c2e00000, 0x0000000100000000)
  region size 1024K, 15 young (15360K), 2 survivors (2048K)
 Metaspace       used 31484K, committed 31936K, reserved 1114112K
  class space    used 3917K, committed 4096K, reserved 1048576K
}
Event: 20.897 GC heap after
{Heap after GC invocations=11 (full 0):
 garbage-first heap   total 40960K, used 17515K [0x00000000c2e00000, 0x0000000100000000)
  region size 1024K, 1 young (1024K), 1 survivors (1024K)
 Metaspace       used 31484K, committed 31936K, reserved 1114112K
  class space    used 3917K, committed 4096K, reserved 1048576K
}
Event: 22.939 GC heap before
{Heap before GC invocations=11 (full 0):
 garbage-first heap   total 40960K, used 30827K [0x00000000c2e00000, 0x0000000100000000)
  region size 1024K, 14 young (14336K), 1 survivors (1024K)
 Metaspace       used 35356K, committed 35840K, reserved 1114112K
  class space    used 4521K, committed 4736K, reserved 1048576K
}
Event: 22.948 GC heap after
{Heap after GC invocations=12 (full 0):
 garbage-first heap   total 40960K, used 18192K [0x00000000c2e00000, 0x0000000100000000)
  region size 1024K, 2 young (2048K), 2 survivors (2048K)
 Metaspace       used 35356K, committed 35840K, reserved 1114112K
  class space    used 4521K, committed 4736K, reserved 1048576K
}
Event: 23.027 GC heap before
{Heap before GC invocations=12 (full 0):
 garbage-first heap   total 40960K, used 18192K [0x00000000c2e00000, 0x0000000100000000)
  region size 1024K, 3 young (3072K), 2 survivors (2048K)
 Metaspace       used 35539K, committed 35968K, reserved 1114112K
  class space    used 4537K, committed 4736K, reserved 1048576K
}
Event: 23.033 GC heap after
{Heap after GC invocations=13 (full 0):
 garbage-first heap   total 40960K, used 18297K [0x00000000c2e00000, 0x0000000100000000)
  region size 1024K, 1 young (1024K), 1 survivors (1024K)
 Metaspace       used 35539K, committed 35968K, reserved 1114112K
  class space    used 4537K, committed 4736K, reserved 1048576K
}
Event: 27.824 GC heap before
{Heap before GC invocations=14 (full 0):
 garbage-first heap   total 40960K, used 31609K [0x00000000c2e00000, 0x0000000100000000)
  region size 1024K, 15 young (15360K), 1 survivors (1024K)
 Metaspace       used 40043K, committed 40576K, reserved 1114112K
  class space    used 5076K, committed 5312K, reserved 1048576K
}
Event: 27.830 GC heap after
{Heap after GC invocations=15 (full 0):
 garbage-first heap   total 40960K, used 19334K [0x00000000c2e00000, 0x0000000100000000)
  region size 1024K, 2 young (2048K), 2 survivors (2048K)
 Metaspace       used 40043K, committed 40576K, reserved 1114112K
  class space    used 5076K, committed 5312K, reserved 1048576K
}
Event: 28.514 GC heap before
{Heap before GC invocations=15 (full 0):
 garbage-first heap   total 40960K, used 20358K [0x00000000c2e00000, 0x0000000100000000)
  region size 1024K, 3 young (3072K), 2 survivors (2048K)
 Metaspace       used 40452K, committed 41024K, reserved 1114112K
  class space    used 5122K, committed 5376K, reserved 1048576K
}
Event: 28.522 GC heap after
{Heap after GC invocations=16 (full 0):
 garbage-first heap   total 40960K, used 18953K [0x00000000c2e00000, 0x0000000100000000)
  region size 1024K, 1 young (1024K), 1 survivors (1024K)
 Metaspace       used 40452K, committed 41024K, reserved 1114112K
  class space    used 5122K, committed 5376K, reserved 1048576K
}
Event: 31.094 GC heap before
{Heap before GC invocations=16 (full 0):
 garbage-first heap   total 40960K, used 30217K [0x00000000c2e00000, 0x0000000100000000)
  region size 1024K, 13 young (13312K), 1 survivors (1024K)
 Metaspace       used 43245K, committed 43712K, reserved 1114112K
  class space    used 5596K, committed 5824K, reserved 1048576K
}
Event: 31.100 GC heap after
{Heap after GC invocations=17 (full 0):
 garbage-first heap   total 40960K, used 19846K [0x00000000c2e00000, 0x0000000100000000)
  region size 1024K, 2 young (2048K), 2 survivors (2048K)
 Metaspace       used 43245K, committed 43712K, reserved 1114112K
  class space    used 5596K, committed 5824K, reserved 1048576K
}
Event: 32.677 GC heap before
{Heap before GC invocations=18 (full 0):
 garbage-first heap   total 40960K, used 31110K [0x00000000c2e00000, 0x0000000100000000)
  region size 1024K, 13 young (13312K), 2 survivors (2048K)
 Metaspace       used 44745K, committed 45312K, reserved 1114112K
  class space    used 5813K, committed 6080K, reserved 1048576K
}
Event: 32.690 GC heap after
{Heap after GC invocations=19 (full 0):
 garbage-first heap   total 40960K, used 21173K [0x00000000c2e00000, 0x0000000100000000)
  region size 1024K, 2 young (2048K), 2 survivors (2048K)
 Metaspace       used 44745K, committed 45312K, reserved 1114112K
  class space    used 5813K, committed 6080K, reserved 1048576K
}
Event: 32.849 GC heap before
{Heap before GC invocations=19 (full 0):
 garbage-first heap   total 40960K, used 22197K [0x00000000c2e00000, 0x0000000100000000)
  region size 1024K, 3 young (3072K), 2 survivors (2048K)
 Metaspace       used 44849K, committed 45376K, reserved 1114112K
  class space    used 5826K, committed 6080K, reserved 1048576K
}
Event: 32.857 GC heap after
{Heap after GC invocations=20 (full 0):
 garbage-first heap   total 40960K, used 21160K [0x00000000c2e00000, 0x0000000100000000)
  region size 1024K, 1 young (1024K), 1 survivors (1024K)
 Metaspace       used 44849K, committed 45376K, reserved 1114112K
  class space    used 5826K, committed 6080K, reserved 1048576K
}

