# JRE version: Java(TM) SE Runtime Environment (19.0.2+7) (build 19.0.2+7-44)
# Java VM: Java HotSpot(TM) 64-Bit Server VM (19.0.2+7-44, mixed mode, sharing, tiered, compressed oops, compressed class ptrs, g1 gc, windows-amd64)
GC Precious Log:
 CardTable entry size: 512
 Card Set container configuration: InlinePtr #cards 5 size 8 Array Of Cards #cards 12 size 40 Howl #buckets 4 coarsen threshold 1843 Howl Bitmap #cards 512 size 80 coarsen threshold 460 Card regions per heap region 1 cards per card region 2048
 CPUs: 2 total, 2 available
 Memory: 3911M
 Large Page Support: Disabled
 NUMA Support: Disabled
 Compressed Oops: Enabled (32-bit)
 Heap Region Size: 1M
 Heap Min Capacity: 8M
 Heap Initial Capacity: 62M
 Heap Max Capacity: 978M
 Pre-touch: Disabled
 Parallel Workers: 2
 Concurrent Workers: 1
 Concurrent Refinement Workers: 2
 Periodic GC: Disabled
Heap:
 garbage-first heap   total 54272K, used 34389K [0x00000000c2e00000, 0x0000000100000000)
  region size 1024K, 16 young (16384K), 3 survivors (3072K)
 Metaspace       used 48426K, committed 49024K, reserved 1114112K
  class space    used 6122K, committed 6400K, reserved 1048576K
GC Heap History (20 events):
Event: 17.695 GC heap before
{Heap before GC invocations=14 (full 0):
 garbage-first heap   total 45056K, used 34366K [0x00000000c2e00000, 0x0000000100000000)
  region size 1024K, 18 young (18432K), 3 survivors (3072K)
 Metaspace       used 44332K, committed 44864K, reserved 1114112K
  class space    used 5741K, committed 6016K, reserved 1048576K
}
Event: 17.706 GC heap after
{Heap after GC invocations=15 (full 0):
 garbage-first heap   total 54272K, used 20408K [0x00000000c2e00000, 0x0000000100000000)
  region size 1024K, 3 young (3072K), 3 survivors (3072K)
 Metaspace       used 44332K, committed 44864K, reserved 1114112K
  class space    used 5741K, committed 6016K, reserved 1048576K
}
Event: 20.626 GC heap before
{Heap before GC invocations=15 (full 0):
 garbage-first heap   total 54272K, used 40888K [0x00000000c2e00000, 0x0000000100000000)
  region size 1024K, 23 young (23552K), 3 survivors (3072K)
 Metaspace       used 46970K, committed 47488K, reserved 1114112K
  class space    used 6062K, committed 6272K, reserved 1048576K
}
Event: 20.659 GC heap after
{Heap after GC invocations=16 (full 0):
 garbage-first heap   total 54272K, used 22220K [0x00000000c2e00000, 0x0000000100000000)
  region size 1024K, 3 young (3072K), 3 survivors (3072K)
 Metaspace       used 46970K, committed 47488K, reserved 1114112K
  class space    used 6062K, committed 6272K, reserved 1048576K
}
Event: 549.194 GC heap before
{Heap before GC invocations=16 (full 0):
 garbage-first heap   total 54272K, used 27340K [0x00000000c2e00000, 0x0000000100000000)
  region size 1024K, 9 young (9216K), 3 survivors (3072K)
 Metaspace       used 47242K, committed 47808K, reserved 1114112K
  class space    used 6091K, committed 6336K, reserved 1048576K
}
Event: 549.549 GC heap after
{Heap after GC invocations=17 (full 1):
 garbage-first heap   total 54272K, used 19448K [0x00000000c2e00000, 0x0000000100000000)
  region size 1024K, 0 young (0K), 0 survivors (0K)
 Metaspace       used 47242K, committed 47808K, reserved 1114112K
  class space    used 6091K, committed 6336K, reserved 1048576K
}
Event: 552.288 GC heap before
{Heap before GC invocations=17 (full 1):
 garbage-first heap   total 54272K, used 39928K [0x00000000c2e00000, 0x0000000100000000)
  region size 1024K, 20 young (20480K), 0 survivors (0K)
 Metaspace       used 47343K, committed 47936K, reserved 1114112K
  class space    used 6095K, committed 6336K, reserved 1048576K
}
Event: 552.295 GC heap after
{Heap after GC invocations=18 (full 1):
 garbage-first heap   total 54272K, used 21790K [0x00000000c2e00000, 0x0000000100000000)
  region size 1024K, 3 young (3072K), 3 survivors (3072K)
 Metaspace       used 47343K, committed 47936K, reserved 1114112K
  class space    used 6095K, committed 6336K, reserved 1048576K
}
Event: 554.002 GC heap before
{Heap before GC invocations=18 (full 1):
 garbage-first heap   total 54272K, used 40222K [0x00000000c2e00000, 0x0000000100000000)
  region size 1024K, 21 young (21504K), 3 survivors (3072K)
 Metaspace       used 47592K, committed 48192K, reserved 1114112K
  class space    used 6097K, committed 6336K, reserved 1048576K
}
Event: 554.013 GC heap after
{Heap after GC invocations=19 (full 1):
 garbage-first heap   total 54272K, used 23041K [0x00000000c2e00000, 0x0000000100000000)
  region size 1024K, 2 young (2048K), 2 survivors (2048K)
 Metaspace       used 47592K, committed 48192K, reserved 1114112K
  class space    used 6097K, committed 6336K, reserved 1048576K
}
Event: 559.145 GC heap before
{Heap before GC invocations=19 (full 1):
 garbage-first heap   total 54272K, used 30209K [0x00000000c2e00000, 0x0000000100000000)
  region size 1024K, 10 young (10240K), 2 survivors (2048K)
 Metaspace       used 47706K, committed 48256K, reserved 1114112K
  class space    used 6102K, committed 6336K, reserved 1048576K
}
Event: 559.222 GC heap after
{Heap after GC invocations=20 (full 2):
 garbage-first heap   total 54272K, used 19710K [0x00000000c2e00000, 0x0000000100000000)
  region size 1024K, 0 young (0K), 0 survivors (0K)
 Metaspace       used 47703K, committed 48256K, reserved 1114112K
  class space    used 6101K, committed 6336K, reserved 1048576K
}
Event: 562.559 GC heap before
{Heap before GC invocations=20 (full 2):
 garbage-first heap   total 54272K, used 41214K [0x00000000c2e00000, 0x0000000100000000)
  region size 1024K, 21 young (21504K), 0 survivors (0K)
 Metaspace       used 47871K, committed 48384K, reserved 1114112K
  class space    used 6105K, committed 6336K, reserved 1048576K
}
Event: 562.567 GC heap after
{Heap after GC invocations=21 (full 2):
 garbage-first heap   total 54272K, used 21909K [0x00000000c2e00000, 0x0000000100000000)
  region size 1024K, 3 young (3072K), 3 survivors (3072K)
 Metaspace       used 47871K, committed 48384K, reserved 1114112K
  class space    used 6105K, committed 6336K, reserved 1048576K
}
Event: 565.237 GC heap before
{Heap before GC invocations=21 (full 2):
 garbage-first heap   total 54272K, used 40341K [0x00000000c2e00000, 0x0000000100000000)
  region size 1024K, 21 young (21504K), 3 survivors (3072K)
 Metaspace       used 48136K, committed 48768K, reserved 1114112K
  class space    used 6115K, committed 6400K, reserved 1048576K
}
Event: 565.256 GC heap after
{Heap after GC invocations=22 (full 2):
 garbage-first heap   total 54272K, used 23119K [0x00000000c2e00000, 0x0000000100000000)
  region size 1024K, 2 young (2048K), 2 survivors (2048K)
 Metaspace       used 48136K, committed 48768K, reserved 1114112K
  class space    used 6115K, committed 6400K, reserved 1048576K
}
Event: 604.585 GC heap before
{Heap before GC invocations=22 (full 2):
 garbage-first heap   total 54272K, used 29263K [0x00000000c2e00000, 0x0000000100000000)
  region size 1024K, 9 young (9216K), 2 survivors (2048K)
 Metaspace       used 48251K, committed 48832K, reserved 1114112K
  class space    used 6120K, committed 6400K, reserved 1048576K
}
Event: 604.770 GC heap after
{Heap after GC invocations=23 (full 3):
 garbage-first heap   total 54272K, used 19902K [0x00000000c2e00000, 0x0000000100000000)
  region size 1024K, 0 young (0K), 0 survivors (0K)
 Metaspace       used 48248K, committed 48832K, reserved 1114112K
  class space    used 6120K, committed 6400K, reserved 1048576K
}
Event: 609.693 GC heap before
{Heap before GC invocations=23 (full 3):
 garbage-first heap   total 54272K, used 41406K [0x00000000c2e00000, 0x0000000100000000)
  region size 1024K, 21 young (21504K), 0 survivors (0K)
 Metaspace       used 48341K, committed 48896K, reserved 1114112K
  class space    used 6121K, committed 6400K, reserved 1048576K
}
Event: 609.700 GC heap after
{Heap after GC invocations=24 (full 3):
 garbage-first heap   total 54272K, used 22101K [0x00000000c2e00000, 0x0000000100000000)
  region size 1024K, 3 young (3072K), 3 survivors (3072K)
 Metaspace       used 48341K, committed 48896K, reserved 1114112K
  class space    used 6121K, committed 6400K, reserved 1048576K
}

